<?xml version="1.0" encoding="UTF-8"?>
<!-- Generated by org.testng.reporters.JUnitXMLReporter -->
<testsuite hostname="DESKTOP-0BGE448" ignored="0" name="Test" tests="1" failures="1" timestamp="09 Mar 2022 16:30:10 GMT" time="2.7" errors="0">
  <testcase name="AddPayee" time="2.672" classname="TestNG.TC_001">
    <failure type="org.openqa.selenium.SessionNotCreatedException" message="session not created: This version of ChromeDriver only supports Chrome version 96
Current browser version is 99.0.4844.51 with binary path C:\Program Files\Google\Chrome\Application\chrome.exe
Build info: version: &amp;apos;3.141.59&amp;apos;, revision: &amp;apos;e82be7d358&amp;apos;, time: &amp;apos;2018-11-14T08:25:48&amp;apos;
System info: host: &amp;apos;DESKTOP-0BGE448&amp;apos;, ip: &amp;apos;192.168.0.17&amp;apos;, os.name: &amp;apos;Windows 10&amp;apos;, os.arch: &amp;apos;amd64&amp;apos;, os.version: &amp;apos;10.0&amp;apos;, java.version: &amp;apos;1.8.0_271&amp;apos;
Driver info: driver.version: ChromeDriver
remote stacktrace: Backtrace:
	Ordinal0 [0x00F16903+2517251]
	Ordinal0 [0x00EAF8E1+2095329]
	Ordinal0 [0x00DB2848+1058888]
	Ordinal0 [0x00DD0B9D+1182621]
	Ordinal0 [0x00DCCA60+1165920]
	Ordinal0 [0x00DCA2CF+1155791]
	Ordinal0 [0x00DFAAAF+1354415]
	Ordinal0 [0x00DFA71A+1353498]
	Ordinal0 [0x00DF639B+1336219]
	Ordinal0 [0x00DD27A7+1189799]
	Ordinal0 [0x00DD3609+1193481]
	GetHandleVerifier [0x010A5904+1577972]
	GetHandleVerifier [0x01150B97+2279047]
	GetHandleVerifier [0x00FA6D09+534521]
	GetHandleVerifier [0x00FA5DB9+530601]
	Ordinal0 [0x00EB4FF9+2117625]
	Ordinal0 [0x00EB98A8+2136232]
	Ordinal0 [0x00EB99E2+2136546]
	Ordinal0 [0x00EC3541+2176321]
	BaseThreadInitThunk [0x757DFA29+25]
	RtlGetAppContainerNamedObjectPath [0x77917A7E+286]
	RtlGetAppContainerNamedObjectPath [0x77917A4E+238]
">
      <![CDATA[org.openqa.selenium.SessionNotCreatedException: session not created: This version of ChromeDriver only supports Chrome version 96
Current browser version is 99.0.4844.51 with binary path C:\Program Files\Google\Chrome\Application\chrome.exe
Build info: version: '3.141.59', revision: 'e82be7d358', time: '2018-11-14T08:25:48'
System info: host: 'DESKTOP-0BGE448', ip: '192.168.0.17', os.name: 'Windows 10', os.arch: 'amd64', os.version: '10.0', java.version: '1.8.0_271'
Driver info: driver.version: ChromeDriver
remote stacktrace: Backtrace:
Ordinal0 [0x00F16903+2517251]
Ordinal0 [0x00EAF8E1+2095329]
Ordinal0 [0x00DB2848+1058888]
Ordinal0 [0x00DD0B9D+1182621]
Ordinal0 [0x00DCCA60+1165920]
Ordinal0 [0x00DCA2CF+1155791]
Ordinal0 [0x00DFAAAF+1354415]
Ordinal0 [0x00DFA71A+1353498]
Ordinal0 [0x00DF639B+1336219]
Ordinal0 [0x00DD27A7+1189799]
Ordinal0 [0x00DD3609+1193481]
GetHandleVerifier [0x010A5904+1577972]
GetHandleVerifier [0x01150B97+2279047]
GetHandleVerifier [0x00FA6D09+534521]
GetHandleVerifier [0x00FA5DB9+530601]
Ordinal0 [0x00EB4FF9+2117625]
Ordinal0 [0x00EB98A8+2136232]
Ordinal0 [0x00EB99E2+2136546]
Ordinal0 [0x00EC3541+2176321]
BaseThreadInitThunk [0x757DFA29+25]
RtlGetAppContainerNamedObjectPath [0x77917A7E+286]
RtlGetAppContainerNamedObjectPath [0x77917A4E+238]

at org.openqa.selenium.remote.W3CHandshakeResponse.lambda$errorHandler$0(W3CHandshakeResponse.java:62)
at org.openqa.selenium.remote.HandshakeResponse.lambda$getResponseFunction$0(HandshakeResponse.java:30)
at org.openqa.selenium.remote.ProtocolHandshake.lambda$createSession$0(ProtocolHandshake.java:126)
at java.util.stream.ReferencePipeline$3$1.accept(Unknown Source)
at java.util.Spliterators$ArraySpliterator.tryAdvance(Unknown Source)
at java.util.stream.ReferencePipeline.forEachWithCancel(Unknown Source)
at java.util.stream.AbstractPipeline.copyIntoWithCancel(Unknown Source)
at java.util.stream.AbstractPipeline.copyInto(Unknown Source)
at java.util.stream.AbstractPipeline.wrapAndCopyInto(Unknown Source)
at java.util.stream.FindOps$FindOp.evaluateSequential(Unknown Source)
at java.util.stream.AbstractPipeline.evaluate(Unknown Source)
at java.util.stream.ReferencePipeline.findFirst(Unknown Source)
at org.openqa.selenium.remote.ProtocolHandshake.createSession(ProtocolHandshake.java:128)
at org.openqa.selenium.remote.ProtocolHandshake.createSession(ProtocolHandshake.java:74)
at org.openqa.selenium.remote.HttpCommandExecutor.execute(HttpCommandExecutor.java:136)
at org.openqa.selenium.remote.service.DriverCommandExecutor.execute(DriverCommandExecutor.java:83)
at org.openqa.selenium.remote.RemoteWebDriver.execute(RemoteWebDriver.java:552)
at org.openqa.selenium.remote.RemoteWebDriver.startSession(RemoteWebDriver.java:213)
at org.openqa.selenium.remote.RemoteWebDriver.<init>(RemoteWebDriver.java:131)
at org.openqa.selenium.chrome.ChromeDriver.<init>(ChromeDriver.java:181)
at org.openqa.selenium.chrome.ChromeDriver.<init>(ChromeDriver.java:168)
at org.openqa.selenium.chrome.ChromeDriver.<init>(ChromeDriver.java:123)
at TestNG.TC_001.AddPayee(TC_001.java:23)
... Removed 28 stack frames]]>
    </failure>
  </testcase> <!-- AddPayee -->
</testsuite> <!-- Test -->
