<?xml version="1.0" encoding="UTF-8"?>
<!-- Generated by org.testng.reporters.JUnitReportReporter -->
<testsuite skipped="6" hostname="DESKTOP-0BGE448" name="DatadrivenTest.addNewPayee" tests="7" failures="0" timestamp="13 Mar 2022 16:52:37 GMT" time="3.071" errors="1">
  <testcase name="setUp" time="3.071" classname="DatadrivenTest.addNewPayee">
    <error type="org.openqa.selenium.SessionNotCreatedException" message="session not created: This version of ChromeDriver only supports Chrome version 97
Current browser version is 99.0.4844.51 with binary path C:\Program Files\Google\Chrome\Application\chrome.exe
Build info: version: &#039;3.141.59&#039;, revision: &#039;e82be7d358&#039;, time: &#039;2018-11-14T08:25:48&#039;
System info: host: &#039;DESKTOP-0BGE448&#039;, ip: &#039;192.168.0.17&#039;, os.name: &#039;Windows 10&#039;, os.arch: &#039;amd64&#039;, os.version: &#039;10.0&#039;, java.version: &#039;1.8.0_271&#039;
Driver info: driver.version: ChromeDriver
remote stacktrace: Backtrace:
	Ordinal0 [0x0031FDC3+2555331]
	Ordinal0 [0x002B77F1+2127857]
	Ordinal0 [0x001B2E08+1060360]
	Ordinal0 [0x001D19CA+1186250]
	Ordinal0 [0x001CD825+1169445]
	Ordinal0 [0x001CAFC1+1159105]
	Ordinal0 [0x001FC22F+1360431]
	Ordinal0 [0x001FBE9A+1359514]
	Ordinal0 [0x001F7976+1341814]
	Ordinal0 [0x001D36B6+1193654]
	Ordinal0 [0x001D4546+1197382]
	GetHandleVerifier [0x004B9622+1619522]
	GetHandleVerifier [0x0056882C+2336844]
	GetHandleVerifier [0x003B23E1+541697]
	GetHandleVerifier [0x003B1443+537699]
	Ordinal0 [0x002BD18E+2150798]
	Ordinal0 [0x002C1518+2168088]
	Ordinal0 [0x002C1660+2168416]
	Ordinal0 [0x002CB330+2208560]
	BaseThreadInitThunk [0x757DFA29+25]
	RtlGetAppContainerNamedObjectPath [0x77917A7E+286]
	RtlGetAppContainerNamedObjectPath [0x77917A4E+238]
	(No symbol) [0x00000000]
">
      <![CDATA[org.openqa.selenium.SessionNotCreatedException: session not created: This version of ChromeDriver only supports Chrome version 97
Current browser version is 99.0.4844.51 with binary path C:\Program Files\Google\Chrome\Application\chrome.exe
Build info: version: '3.141.59', revision: 'e82be7d358', time: '2018-11-14T08:25:48'
System info: host: 'DESKTOP-0BGE448', ip: '192.168.0.17', os.name: 'Windows 10', os.arch: 'amd64', os.version: '10.0', java.version: '1.8.0_271'
Driver info: driver.version: ChromeDriver
remote stacktrace: Backtrace:
Ordinal0 [0x0031FDC3+2555331]
Ordinal0 [0x002B77F1+2127857]
Ordinal0 [0x001B2E08+1060360]
Ordinal0 [0x001D19CA+1186250]
Ordinal0 [0x001CD825+1169445]
Ordinal0 [0x001CAFC1+1159105]
Ordinal0 [0x001FC22F+1360431]
Ordinal0 [0x001FBE9A+1359514]
Ordinal0 [0x001F7976+1341814]
Ordinal0 [0x001D36B6+1193654]
Ordinal0 [0x001D4546+1197382]
GetHandleVerifier [0x004B9622+1619522]
GetHandleVerifier [0x0056882C+2336844]
GetHandleVerifier [0x003B23E1+541697]
GetHandleVerifier [0x003B1443+537699]
Ordinal0 [0x002BD18E+2150798]
Ordinal0 [0x002C1518+2168088]
Ordinal0 [0x002C1660+2168416]
Ordinal0 [0x002CB330+2208560]
BaseThreadInitThunk [0x757DFA29+25]
RtlGetAppContainerNamedObjectPath [0x77917A7E+286]
RtlGetAppContainerNamedObjectPath [0x77917A4E+238]
(No symbol) [0x00000000]

at sun.reflect.NativeConstructorAccessorImpl.newInstance0(Native Method)
at sun.reflect.NativeConstructorAccessorImpl.newInstance(NativeConstructorAccessorImpl.java:62)
at sun.reflect.DelegatingConstructorAccessorImpl.newInstance(DelegatingConstructorAccessorImpl.java:45)
at java.lang.reflect.Constructor.newInstance(Constructor.java:423)
at org.openqa.selenium.remote.W3CHandshakeResponse.lambda$errorHandler$0(W3CHandshakeResponse.java:62)
at org.openqa.selenium.remote.HandshakeResponse.lambda$getResponseFunction$0(HandshakeResponse.java:30)
at org.openqa.selenium.remote.ProtocolHandshake.lambda$createSession$0(ProtocolHandshake.java:126)
at java.util.stream.ReferencePipeline$3$1.accept(ReferencePipeline.java:193)
at java.util.Spliterators$ArraySpliterator.tryAdvance(Spliterators.java:958)
at java.util.stream.ReferencePipeline.forEachWithCancel(ReferencePipeline.java:126)
at java.util.stream.AbstractPipeline.copyIntoWithCancel(AbstractPipeline.java:499)
at java.util.stream.AbstractPipeline.copyInto(AbstractPipeline.java:486)
at java.util.stream.AbstractPipeline.wrapAndCopyInto(AbstractPipeline.java:472)
at java.util.stream.FindOps$FindOp.evaluateSequential(FindOps.java:152)
at java.util.stream.AbstractPipeline.evaluate(AbstractPipeline.java:234)
at java.util.stream.ReferencePipeline.findFirst(ReferencePipeline.java:464)
at org.openqa.selenium.remote.ProtocolHandshake.createSession(ProtocolHandshake.java:128)
at org.openqa.selenium.remote.ProtocolHandshake.createSession(ProtocolHandshake.java:74)
at org.openqa.selenium.remote.HttpCommandExecutor.execute(HttpCommandExecutor.java:136)
at org.openqa.selenium.remote.service.DriverCommandExecutor.execute(DriverCommandExecutor.java:83)
at org.openqa.selenium.remote.RemoteWebDriver.execute(RemoteWebDriver.java:552)
at org.openqa.selenium.remote.RemoteWebDriver.startSession(RemoteWebDriver.java:213)
at org.openqa.selenium.remote.RemoteWebDriver.<init>(RemoteWebDriver.java:131)
at org.openqa.selenium.chrome.ChromeDriver.<init>(ChromeDriver.java:181)
at org.openqa.selenium.chrome.ChromeDriver.<init>(ChromeDriver.java:168)
at org.openqa.selenium.chrome.ChromeDriver.<init>(ChromeDriver.java:123)
at DatadrivenTest.addNewPayee.setUp(addNewPayee.java:30)
at sun.reflect.NativeMethodAccessorImpl.invoke0(Native Method)
at sun.reflect.NativeMethodAccessorImpl.invoke(NativeMethodAccessorImpl.java:62)
at sun.reflect.DelegatingMethodAccessorImpl.invoke(DelegatingMethodAccessorImpl.java:43)
at java.lang.reflect.Method.invoke(Method.java:498)
at org.testng.internal.MethodInvocationHelper.invokeMethod(MethodInvocationHelper.java:124)
at org.testng.internal.MethodInvocationHelper.invokeMethodConsideringTimeout(MethodInvocationHelper.java:59)
at org.testng.internal.Invoker.invokeConfigurationMethod(Invoker.java:458)
at org.testng.internal.Invoker.invokeConfigurations(Invoker.java:222)
at org.testng.internal.Invoker.invokeConfigurations(Invoker.java:142)
at org.testng.TestRunner.beforeRun(TestRunner.java:529)
at org.testng.TestRunner.run(TestRunner.java:497)
at org.testng.SuiteRunner.runTest(SuiteRunner.java:455)
at org.testng.SuiteRunner.runSequentially(SuiteRunner.java:450)
at org.testng.SuiteRunner.privateRun(SuiteRunner.java:415)
at org.testng.SuiteRunner.run(SuiteRunner.java:364)
at org.testng.SuiteRunnerWorker.runSuite(SuiteRunnerWorker.java:52)
at org.testng.SuiteRunnerWorker.run(SuiteRunnerWorker.java:84)
at org.testng.TestNG.runSuitesSequentially(TestNG.java:1208)
at org.testng.TestNG.runSuitesLocally(TestNG.java:1137)
at org.testng.TestNG.runSuites(TestNG.java:1049)
at org.testng.TestNG.run(TestNG.java:1017)
at org.testng.remote.AbstractRemoteTestNG.run(AbstractRemoteTestNG.java:115)
at org.testng.remote.RemoteTestNG.initAndRun(RemoteTestNG.java:251)
at org.testng.remote.RemoteTestNG.main(RemoteTestNG.java:77)
]]>
    </error>
  </testcase> <!-- setUp -->
  <testcase name="enterUrl" time="0.000" classname="DatadrivenTest.addNewPayee">
    <skipped/>
  </testcase> <!-- enterUrl -->
  <testcase name="login" time="0.000" classname="DatadrivenTest.addNewPayee">
    <skipped/>
  </testcase> <!-- login -->
  <testcase name="payBills" time="0.000" classname="DatadrivenTest.addNewPayee">
    <skipped/>
  </testcase> <!-- payBills -->
  <testcase name="payBills" time="0.000" classname="DatadrivenTest.addNewPayee">
    <skipped/>
  </testcase> <!-- payBills -->
  <testcase name="payBills" time="0.000" classname="DatadrivenTest.addNewPayee">
    <skipped/>
  </testcase> <!-- payBills -->
  <testcase name="payBills" time="0.000" classname="DatadrivenTest.addNewPayee">
    <skipped/>
  </testcase> <!-- payBills -->
</testsuite> <!-- DatadrivenTest.addNewPayee -->
